{"/Users/marvin/Google Drive/workspace/fullstack-master/convertmymoney/lib/api.bcb.js": {"path":"/Users/marvin/Google Drive/workspace/fullstack-master/convertmymoney/lib/api.bcb.js","statementMap":{"0":{"start":{"line":1,"column":14},"end":{"line":1,"column":30}},"1":{"start":{"line":3,"column":15},"end":{"line":3,"column":177}},"2":{"start":{"line":3,"column":23},"end":{"line":3,"column":177}},"3":{"start":{"line":5,"column":27},"end":{"line":5,"column":48}},"4":{"start":{"line":5,"column":34},"end":{"line":5,"column":48}},"5":{"start":{"line":6,"column":28},"end":{"line":6,"column":65}},"6":{"start":{"line":6,"column":35},"end":{"line":6,"column":65}},"7":{"start":{"line":8,"column":17},"end":{"line":12,"column":1}},"8":{"start":{"line":9,"column":18},"end":{"line":9,"column":28}},"9":{"start":{"line":10,"column":21},"end":{"line":10,"column":102}},"10":{"start":{"line":11,"column":4},"end":{"line":11,"column":19}},"11":{"start":{"line":14,"column":24},"end":{"line":25,"column":1}},"12":{"start":{"line":15,"column":4},"end":{"line":24,"column":5}},"13":{"start":{"line":16,"column":22},"end":{"line":16,"column":32}},"14":{"start":{"line":17,"column":20},"end":{"line":17,"column":33}},"15":{"start":{"line":18,"column":20},"end":{"line":18,"column":49}},"16":{"start":{"line":19,"column":21},"end":{"line":19,"column":45}},"17":{"start":{"line":20,"column":8},"end":{"line":20,"column":19}},"18":{"start":{"line":22,"column":8},"end":{"line":22,"column":24}},"19":{"start":{"line":23,"column":8},"end":{"line":23,"column":17}},"20":{"start":{"line":27,"column":0},"end":{"line":31,"column":1}}},"fnMap":{"0":{"name":"(anonymous_0)","decl":{"start":{"line":3,"column":15},"end":{"line":3,"column":16}},"loc":{"start":{"line":3,"column":23},"end":{"line":3,"column":177}},"line":3},"1":{"name":"(anonymous_1)","decl":{"start":{"line":5,"column":27},"end":{"line":5,"column":28}},"loc":{"start":{"line":5,"column":34},"end":{"line":5,"column":48}},"line":5},"2":{"name":"(anonymous_2)","decl":{"start":{"line":6,"column":28},"end":{"line":6,"column":29}},"loc":{"start":{"line":6,"column":35},"end":{"line":6,"column":65}},"line":6},"3":{"name":"(anonymous_3)","decl":{"start":{"line":8,"column":17},"end":{"line":8,"column":18}},"loc":{"start":{"line":8,"column":23},"end":{"line":12,"column":1}},"line":8},"4":{"name":"(anonymous_4)","decl":{"start":{"line":14,"column":24},"end":{"line":14,"column":25}},"loc":{"start":{"line":14,"column":35},"end":{"line":25,"column":1}},"line":14}},"branchMap":{},"s":{"0":1,"1":1,"2":0,"3":1,"4":0,"5":1,"6":1,"7":1,"8":0,"9":0,"10":0,"11":1,"12":0,"13":0,"14":0,"15":0,"16":0,"17":0,"18":0,"19":0,"20":1},"f":{"0":0,"1":0,"2":1,"3":0,"4":0},"b":{},"_coverageSchema":"1a1c01bbd47fc00a2c39e90264f33305004495a9","hash":"cc08631cdd409b1cc5b18203c265b6d102f79081"}
,"/Users/marvin/Google Drive/workspace/fullstack-master/convertmymoney/lib/convert.js": {"path":"/Users/marvin/Google Drive/workspace/fullstack-master/convertmymoney/lib/convert.js","statementMap":{"0":{"start":{"line":1,"column":16},"end":{"line":3,"column":1}},"1":{"start":{"line":2,"column":4},"end":{"line":2,"column":24}},"2":{"start":{"line":5,"column":16},"end":{"line":7,"column":1}},"3":{"start":{"line":6,"column":4},"end":{"line":6,"column":39}},"4":{"start":{"line":9,"column":0},"end":{"line":12,"column":1}}},"fnMap":{"0":{"name":"(anonymous_0)","decl":{"start":{"line":1,"column":16},"end":{"line":1,"column":17}},"loc":{"start":{"line":1,"column":34},"end":{"line":3,"column":1}},"line":1},"1":{"name":"(anonymous_1)","decl":{"start":{"line":5,"column":16},"end":{"line":5,"column":17}},"loc":{"start":{"line":5,"column":25},"end":{"line":7,"column":1}},"line":5}},"branchMap":{},"s":{"0":1,"1":2,"2":1,"3":2,"4":1},"f":{"0":2,"1":2},"b":{},"_coverageSchema":"1a1c01bbd47fc00a2c39e90264f33305004495a9","hash":"46e882bc3364dc4af7ebd8f917cc48a8d9fdd318"}
}
